2025-06-20T01:15:41.212150Z 0 [System] [MY-015015] [Server] MySQL Server - start.
2025-06-20T01:15:41.486648Z 0 [Warning] [MY-010097] [Server] Insecure configuration for --secure-file-priv: Current value does not restrict location of generated files. Consider setting it to a valid, non-empty path.
2025-06-20T01:15:41.486732Z 0 [System] [MY-010116] [Server] D:\laragon\bin\mysql\mysql-8.4.3-winx64\bin\mysqld (mysqld 8.4.3) starting as process 24624
2025-06-20T01:15:41.516284Z 1 [System] [MY-013576] [InnoDB] InnoDB initialization has started.
2025-06-20T01:15:41.910805Z 1 [System] [MY-013577] [InnoDB] InnoDB initialization has ended.
2025-06-20T01:15:42.483686Z 0 [Warning] [MY-013829] [Server] Missing data directory for ICU regular expressions: D:\laragon\bin\mysql\mysql-8.4.3-winx64\lib\private\.
2025-06-20T01:15:42.502449Z 0 [Warning] [MY-010068] [Server] CA certificate ca.pem is self signed.
2025-06-20T01:15:42.503139Z 0 [System] [MY-013602] [Server] Channel mysql_main configured to support TLS. Encrypted connections are now supported for this channel.
2025-06-20T01:15:42.621367Z 0 [System] [MY-011323] [Server] X Plugin ready for connections. Bind-address: '::' port: 33060
2025-06-20T01:15:42.622216Z 0 [System] [MY-010931] [Server] D:\laragon\bin\mysql\mysql-8.4.3-winx64\bin\mysqld: ready for connections. Version: '8.4.3'  socket: ''  port: 3306  MySQL Community Server - GPL.
2025-06-20T01:16:17.520362Z 9 [System] [MY-013172] [Server] Received SHUTDOWN from user root. Shutting down mysqld (Version: 8.4.3).
2025-06-20T01:16:17.522060Z 0 [System] [MY-013105] [Server] D:\laragon\bin\mysql\mysql-8.4.3-winx64\bin\mysqld: Normal shutdown.
2025-06-20T01:16:18.751152Z 0 [System] [MY-010910] [Server] D:\laragon\bin\mysql\mysql-8.4.3-winx64\bin\mysqld: Shutdown complete (mysqld 8.4.3)  MySQL Community Server - GPL.
2025-06-20T01:16:18.753863Z 0 [System] [MY-015016] [Server] MySQL Server - end.
2025-06-20T01:19:01.783292Z 0 [System] [MY-015015] [Server] MySQL Server - start.
2025-06-20T01:19:02.004130Z 0 [Warning] [MY-010097] [Server] Insecure configuration for --secure-file-priv: Current value does not restrict location of generated files. Consider setting it to a valid, non-empty path.
2025-06-20T01:19:02.004229Z 0 [System] [MY-010116] [Server] D:\laragon\bin\mysql\mysql-8.4.3-winx64\bin\mysqld (mysqld 8.4.3) starting as process 23296
2025-06-20T01:19:02.046076Z 1 [System] [MY-013576] [InnoDB] InnoDB initialization has started.
2025-06-20T01:19:02.370217Z 1 [System] [MY-013577] [InnoDB] InnoDB initialization has ended.
2025-06-20T01:19:02.785026Z 0 [Warning] [MY-013829] [Server] Missing data directory for ICU regular expressions: D:\laragon\bin\mysql\mysql-8.4.3-winx64\lib\private\.
2025-06-20T01:19:02.799559Z 0 [Warning] [MY-010068] [Server] CA certificate ca.pem is self signed.
2025-06-20T01:19:02.800401Z 0 [System] [MY-013602] [Server] Channel mysql_main configured to support TLS. Encrypted connections are now supported for this channel.
2025-06-20T01:19:02.856616Z 0 [System] [MY-011323] [Server] X Plugin ready for connections. Bind-address: '::' port: 33060
2025-06-20T01:19:02.856800Z 0 [System] [MY-010931] [Server] D:\laragon\bin\mysql\mysql-8.4.3-winx64\bin\mysqld: ready for connections. Version: '8.4.3'  socket: ''  port: 3306  MySQL Community Server - GPL.
2025-06-20T01:47:27.576267Z 15 [System] [MY-013172] [Server] Received SHUTDOWN from user root. Shutting down mysqld (Version: 8.4.3).
2025-06-20T01:47:27.577560Z 0 [System] [MY-013105] [Server] D:\laragon\bin\mysql\mysql-8.4.3-winx64\bin\mysqld: Normal shutdown.
2025-06-20T01:47:29.589610Z 0 [Warning] [MY-010909] [Server] D:\laragon\bin\mysql\mysql-8.4.3-winx64\bin\mysqld: Forcing close of thread 8  user: 'root'.
2025-06-20T01:49:56.108459Z 0 [System] [MY-015015] [Server] MySQL Server - start.
2025-06-20T01:49:56.269774Z 0 [Warning] [MY-010097] [Server] Insecure configuration for --secure-file-priv: Current value does not restrict location of generated files. Consider setting it to a valid, non-empty path.
2025-06-20T01:49:56.269832Z 0 [System] [MY-010116] [Server] D:\laragon\bin\mysql\mysql-8.4.3-winx64\bin\mysqld (mysqld 8.4.3) starting as process 2484
2025-06-20T01:49:56.288025Z 1 [System] [MY-013576] [InnoDB] InnoDB initialization has started.
2025-06-20T01:49:56.806141Z 1 [System] [MY-013577] [InnoDB] InnoDB initialization has ended.
2025-06-20T01:49:57.201871Z 0 [System] [MY-010229] [Server] Starting XA crash recovery...
2025-06-20T01:49:57.211854Z 0 [System] [MY-010232] [Server] XA crash recovery finished.
2025-06-20T01:49:57.308891Z 0 [Warning] [MY-013829] [Server] Missing data directory for ICU regular expressions: D:\laragon\bin\mysql\mysql-8.4.3-winx64\lib\private\.
2025-06-20T01:49:57.319698Z 0 [Warning] [MY-010068] [Server] CA certificate ca.pem is self signed.
2025-06-20T01:49:57.320157Z 0 [System] [MY-013602] [Server] Channel mysql_main configured to support TLS. Encrypted connections are now supported for this channel.
2025-06-20T01:49:57.385994Z 0 [System] [MY-011323] [Server] X Plugin ready for connections. Bind-address: '::' port: 33060
2025-06-20T01:49:57.386267Z 0 [System] [MY-010931] [Server] D:\laragon\bin\mysql\mysql-8.4.3-winx64\bin\mysqld: ready for connections. Version: '8.4.3'  socket: ''  port: 3306  MySQL Community Server - GPL.
2025-06-20T02:34:32.763811Z 203 [System] [MY-013172] [Server] Received SHUTDOWN from user root. Shutting down mysqld (Version: 8.4.3).
2025-06-20T02:34:32.765048Z 0 [System] [MY-013105] [Server] D:\laragon\bin\mysql\mysql-8.4.3-winx64\bin\mysqld: Normal shutdown.
